{"/home/sam/Desktop/HRSF132/reviews/client/src/components/ReviewComponent.jsx": {"path":"/home/sam/Desktop/HRSF132/reviews/client/src/components/ReviewComponent.jsx","statementMap":{"0":{"start":{"line":11,"column":18},"end":{"line":14,"column":1}},"1":{"start":{"line":15,"column":21},"end":{"line":25,"column":1}},"2":{"start":{"line":24,"column":20},"end":{"line":24,"column":29}},"3":{"start":{"line":29,"column":4},"end":{"line":29,"column":17}},"4":{"start":{"line":30,"column":4},"end":{"line":31,"column":6}},"5":{"start":{"line":35,"column":26},"end":{"line":127,"column":5}},"6":{"start":{"line":129,"column":19},"end":{"line":129,"column":32}},"7":{"start":{"line":130,"column":25},"end":{"line":130,"column":38}},"8":{"start":{"line":131,"column":25},"end":{"line":131,"column":38}},"9":{"start":{"line":132,"column":21},"end":{"line":132,"column":34}},"10":{"start":{"line":134,"column":27},"end":{"line":134,"column":37}},"11":{"start":{"line":135,"column":24},"end":{"line":135,"column":34}},"12":{"start":{"line":138,"column":8},"end":{"line":138,"column":15}},"13":{"start":{"line":140,"column":4},"end":{"line":152,"column":6}},"14":{"start":{"line":156,"column":0},"end":{"line":156,"column":38}},"15":{"start":{"line":157,"column":0},"end":{"line":157,"column":44}}},"fnMap":{"0":{"name":"(anonymous_0)","decl":{"start":{"line":24,"column":14},"end":{"line":24,"column":15}},"loc":{"start":{"line":24,"column":20},"end":{"line":24,"column":29}},"line":24},"1":{"name":"(anonymous_1)","decl":{"start":{"line":28,"column":2},"end":{"line":28,"column":3}},"loc":{"start":{"line":28,"column":21},"end":{"line":32,"column":3}},"line":28},"2":{"name":"(anonymous_2)","decl":{"start":{"line":34,"column":2},"end":{"line":34,"column":3}},"loc":{"start":{"line":34,"column":11},"end":{"line":153,"column":3}},"line":34}},"branchMap":{},"s":{"0":1,"1":1,"2":0,"3":1,"4":1,"5":1,"6":1,"7":1,"8":1,"9":1,"10":1,"11":1,"12":1,"13":1,"14":1,"15":1},"f":{"0":0,"1":1,"2":1},"b":{},"_coverageSchema":"1a1c01bbd47fc00a2c39e90264f33305004495a9","hash":"3184f88a325f0d5a11514400260d3ddb58e9d63e"}
,"/home/sam/Desktop/HRSF132/reviews/client/src/components/reviews/Activities.jsx": {"path":"/home/sam/Desktop/HRSF132/reviews/client/src/components/reviews/Activities.jsx","statementMap":{"0":{"start":{"line":4,"column":18},"end":{"line":8,"column":1}},"1":{"start":{"line":12,"column":4},"end":{"line":12,"column":16}},"2":{"start":{"line":16,"column":4},"end":{"line":16,"column":17}},"3":{"start":{"line":17,"column":4},"end":{"line":19,"column":6}},"4":{"start":{"line":23,"column":30},"end":{"line":23,"column":40}},"5":{"start":{"line":24,"column":18},"end":{"line":24,"column":31}},"6":{"start":{"line":25,"column":22},"end":{"line":25,"column":35}},"7":{"start":{"line":26,"column":22},"end":{"line":26,"column":35}},"8":{"start":{"line":27,"column":21},"end":{"line":27,"column":34}},"9":{"start":{"line":28,"column":21},"end":{"line":28,"column":34}},"10":{"start":{"line":30,"column":4},"end":{"line":46,"column":6}},"11":{"start":{"line":50,"column":0},"end":{"line":50,"column":33}}},"fnMap":{"0":{"name":"(anonymous_0)","decl":{"start":{"line":11,"column":2},"end":{"line":11,"column":3}},"loc":{"start":{"line":11,"column":24},"end":{"line":13,"column":3}},"line":11},"1":{"name":"(anonymous_1)","decl":{"start":{"line":15,"column":2},"end":{"line":15,"column":3}},"loc":{"start":{"line":15,"column":21},"end":{"line":20,"column":3}},"line":15},"2":{"name":"(anonymous_2)","decl":{"start":{"line":22,"column":2},"end":{"line":22,"column":3}},"loc":{"start":{"line":22,"column":11},"end":{"line":47,"column":3}},"line":22}},"branchMap":{},"s":{"0":1,"1":0,"2":1,"3":1,"4":1,"5":1,"6":1,"7":1,"8":1,"9":1,"10":1,"11":1},"f":{"0":0,"1":1,"2":1},"b":{},"_coverageSchema":"1a1c01bbd47fc00a2c39e90264f33305004495a9","hash":"bac4c25f4e7fc1661acdbb4ec781ac0ad87907ed"}
,"/home/sam/Desktop/HRSF132/reviews/client/src/components/reviews/Rating.jsx": {"path":"/home/sam/Desktop/HRSF132/reviews/client/src/components/reviews/Rating.jsx","statementMap":{"0":{"start":{"line":4,"column":18},"end":{"line":9,"column":1}},"1":{"start":{"line":10,"column":21},"end":{"line":13,"column":1}},"2":{"start":{"line":17,"column":4},"end":{"line":17,"column":16}},"3":{"start":{"line":21,"column":4},"end":{"line":21,"column":17}},"4":{"start":{"line":22,"column":4},"end":{"line":23,"column":6}},"5":{"start":{"line":28,"column":30},"end":{"line":28,"column":40}},"6":{"start":{"line":29,"column":24},"end":{"line":29,"column":37}},"7":{"start":{"line":30,"column":18},"end":{"line":30,"column":31}},"8":{"start":{"line":31,"column":22},"end":{"line":31,"column":35}},"9":{"start":{"line":32,"column":22},"end":{"line":32,"column":35}},"10":{"start":{"line":33,"column":21},"end":{"line":33,"column":34}},"11":{"start":{"line":34,"column":21},"end":{"line":34,"column":34}},"12":{"start":{"line":36,"column":23},"end":{"line":36,"column":33}},"13":{"start":{"line":37,"column":28},"end":{"line":37,"column":38}},"14":{"start":{"line":38,"column":22},"end":{"line":38,"column":55}},"15":{"start":{"line":40,"column":4},"end":{"line":61,"column":6}},"16":{"start":{"line":65,"column":0},"end":{"line":65,"column":29}},"17":{"start":{"line":66,"column":0},"end":{"line":66,"column":35}}},"fnMap":{"0":{"name":"(anonymous_0)","decl":{"start":{"line":16,"column":2},"end":{"line":16,"column":3}},"loc":{"start":{"line":16,"column":24},"end":{"line":18,"column":3}},"line":16},"1":{"name":"(anonymous_1)","decl":{"start":{"line":20,"column":2},"end":{"line":20,"column":3}},"loc":{"start":{"line":20,"column":21},"end":{"line":24,"column":3}},"line":20},"2":{"name":"(anonymous_2)","decl":{"start":{"line":26,"column":2},"end":{"line":26,"column":3}},"loc":{"start":{"line":26,"column":11},"end":{"line":62,"column":3}},"line":26}},"branchMap":{},"s":{"0":1,"1":1,"2":0,"3":1,"4":1,"5":1,"6":1,"7":1,"8":1,"9":1,"10":1,"11":1,"12":1,"13":1,"14":1,"15":1,"16":1,"17":1},"f":{"0":0,"1":1,"2":1},"b":{},"_coverageSchema":"1a1c01bbd47fc00a2c39e90264f33305004495a9","hash":"ef47b5a1dca28c9a1313597373f7fe45b26867de"}
,"/home/sam/Desktop/HRSF132/reviews/client/src/components/reviews/ReviewForm.jsx": {"path":"/home/sam/Desktop/HRSF132/reviews/client/src/components/reviews/ReviewForm.jsx","statementMap":{"0":{"start":{"line":5,"column":18},"end":{"line":7,"column":1}},"1":{"start":{"line":8,"column":21},"end":{"line":10,"column":1}},"2":{"start":{"line":9,"column":20},"end":{"line":9,"column":29}},"3":{"start":{"line":14,"column":4},"end":{"line":14,"column":16}},"4":{"start":{"line":18,"column":4},"end":{"line":18,"column":17}},"5":{"start":{"line":19,"column":4},"end":{"line":20,"column":6}},"6":{"start":{"line":24,"column":16},"end":{"line":32,"column":5}},"7":{"start":{"line":33,"column":19},"end":{"line":44,"column":5}},"8":{"start":{"line":45,"column":18},"end":{"line":50,"column":5}},"9":{"start":{"line":52,"column":27},"end":{"line":52,"column":37}},"10":{"start":{"line":53,"column":4},"end":{"line":64,"column":6}},"11":{"start":{"line":55,"column":31},"end":{"line":55,"column":55}},"12":{"start":{"line":68,"column":0},"end":{"line":68,"column":33}},"13":{"start":{"line":69,"column":0},"end":{"line":69,"column":39}}},"fnMap":{"0":{"name":"(anonymous_0)","decl":{"start":{"line":9,"column":14},"end":{"line":9,"column":15}},"loc":{"start":{"line":9,"column":20},"end":{"line":9,"column":29}},"line":9},"1":{"name":"(anonymous_1)","decl":{"start":{"line":13,"column":2},"end":{"line":13,"column":3}},"loc":{"start":{"line":13,"column":24},"end":{"line":15,"column":3}},"line":13},"2":{"name":"(anonymous_2)","decl":{"start":{"line":17,"column":2},"end":{"line":17,"column":3}},"loc":{"start":{"line":17,"column":21},"end":{"line":21,"column":3}},"line":17},"3":{"name":"(anonymous_3)","decl":{"start":{"line":23,"column":2},"end":{"line":23,"column":3}},"loc":{"start":{"line":23,"column":11},"end":{"line":65,"column":3}},"line":23},"4":{"name":"(anonymous_4)","decl":{"start":{"line":55,"column":25},"end":{"line":55,"column":26}},"loc":{"start":{"line":55,"column":31},"end":{"line":55,"column":55}},"line":55}},"branchMap":{},"s":{"0":1,"1":1,"2":0,"3":0,"4":1,"5":1,"6":1,"7":1,"8":1,"9":1,"10":1,"11":0,"12":1,"13":1},"f":{"0":0,"1":0,"2":1,"3":1,"4":0},"b":{},"_coverageSchema":"1a1c01bbd47fc00a2c39e90264f33305004495a9","hash":"1067551fc7ed0544a256d773c25e5a0d08be8588"}
,"/home/sam/Desktop/HRSF132/reviews/client/src/components/reviews/SizeAndFit.jsx": {"path":"/home/sam/Desktop/HRSF132/reviews/client/src/components/reviews/SizeAndFit.jsx","statementMap":{"0":{"start":{"line":4,"column":18},"end":{"line":9,"column":1}},"1":{"start":{"line":11,"column":21},"end":{"line":13,"column":1}},"2":{"start":{"line":17,"column":4},"end":{"line":17,"column":16}},"3":{"start":{"line":21,"column":4},"end":{"line":21,"column":17}},"4":{"start":{"line":22,"column":4},"end":{"line":24,"column":6}},"5":{"start":{"line":29,"column":30},"end":{"line":29,"column":40}},"6":{"start":{"line":30,"column":18},"end":{"line":30,"column":31}},"7":{"start":{"line":31,"column":22},"end":{"line":31,"column":35}},"8":{"start":{"line":32,"column":22},"end":{"line":32,"column":35}},"9":{"start":{"line":33,"column":21},"end":{"line":33,"column":34}},"10":{"start":{"line":34,"column":21},"end":{"line":34,"column":34}},"11":{"start":{"line":35,"column":24},"end":{"line":35,"column":37}},"12":{"start":{"line":37,"column":20},"end":{"line":37,"column":30}},"13":{"start":{"line":39,"column":4},"end":{"line":56,"column":6}},"14":{"start":{"line":60,"column":0},"end":{"line":60,"column":33}},"15":{"start":{"line":61,"column":0},"end":{"line":61,"column":39}}},"fnMap":{"0":{"name":"(anonymous_0)","decl":{"start":{"line":16,"column":2},"end":{"line":16,"column":3}},"loc":{"start":{"line":16,"column":24},"end":{"line":18,"column":3}},"line":16},"1":{"name":"(anonymous_1)","decl":{"start":{"line":20,"column":2},"end":{"line":20,"column":3}},"loc":{"start":{"line":20,"column":21},"end":{"line":25,"column":3}},"line":20},"2":{"name":"(anonymous_2)","decl":{"start":{"line":27,"column":2},"end":{"line":27,"column":3}},"loc":{"start":{"line":27,"column":11},"end":{"line":57,"column":3}},"line":27}},"branchMap":{},"s":{"0":1,"1":1,"2":0,"3":1,"4":1,"5":1,"6":1,"7":1,"8":1,"9":1,"10":1,"11":1,"12":1,"13":1,"14":1,"15":1},"f":{"0":0,"1":1,"2":1},"b":{},"_coverageSchema":"1a1c01bbd47fc00a2c39e90264f33305004495a9","hash":"fbb590c19ccbdbe30a26ef8b59f1b52699f5ee89"}
}
