TN:
SF:client/src/components/ReviewComponent.jsx
FN:24,(anonymous_0)
FN:28,(anonymous_1)
FN:34,(anonymous_2)
FNF:3
FNH:2
FNDA:0,(anonymous_0)
FNDA:1,(anonymous_1)
FNDA:1,(anonymous_2)
DA:11,1
DA:15,1
DA:24,0
DA:29,1
DA:30,1
DA:35,1
DA:129,1
DA:130,1
DA:131,1
DA:132,1
DA:134,1
DA:135,1
DA:138,1
DA:140,1
DA:156,1
DA:157,1
LF:16
LH:15
BRF:0
BRH:0
end_of_record
TN:
SF:client/src/components/reviews/Activities.jsx
FN:11,(anonymous_0)
FN:15,(anonymous_1)
FN:22,(anonymous_2)
FNF:3
FNH:2
FNDA:0,(anonymous_0)
FNDA:1,(anonymous_1)
FNDA:1,(anonymous_2)
DA:4,1
DA:12,0
DA:16,1
DA:17,1
DA:23,1
DA:24,1
DA:25,1
DA:26,1
DA:27,1
DA:28,1
DA:30,1
DA:50,1
LF:12
LH:11
BRF:0
BRH:0
end_of_record
TN:
SF:client/src/components/reviews/Rating.jsx
FN:16,(anonymous_0)
FN:20,(anonymous_1)
FN:26,(anonymous_2)
FNF:3
FNH:2
FNDA:0,(anonymous_0)
FNDA:1,(anonymous_1)
FNDA:1,(anonymous_2)
DA:4,1
DA:10,1
DA:17,0
DA:21,1
DA:22,1
DA:28,1
DA:29,1
DA:30,1
DA:31,1
DA:32,1
DA:33,1
DA:34,1
DA:36,1
DA:37,1
DA:38,1
DA:40,1
DA:65,1
DA:66,1
LF:18
LH:17
BRF:0
BRH:0
end_of_record
TN:
SF:client/src/components/reviews/ReviewForm.jsx
FN:9,(anonymous_0)
FN:13,(anonymous_1)
FN:17,(anonymous_2)
FN:23,(anonymous_3)
FN:55,(anonymous_4)
FNF:5
FNH:2
FNDA:0,(anonymous_0)
FNDA:0,(anonymous_1)
FNDA:1,(anonymous_2)
FNDA:1,(anonymous_3)
FNDA:0,(anonymous_4)
DA:5,1
DA:8,1
DA:9,0
DA:14,0
DA:18,1
DA:19,1
DA:24,1
DA:33,1
DA:45,1
DA:52,1
DA:53,1
DA:55,0
DA:68,1
DA:69,1
LF:14
LH:11
BRF:0
BRH:0
end_of_record
TN:
SF:client/src/components/reviews/SizeAndFit.jsx
FN:16,(anonymous_0)
FN:20,(anonymous_1)
FN:27,(anonymous_2)
FNF:3
FNH:2
FNDA:0,(anonymous_0)
FNDA:1,(anonymous_1)
FNDA:1,(anonymous_2)
DA:4,1
DA:11,1
DA:17,0
DA:21,1
DA:22,1
DA:29,1
DA:30,1
DA:31,1
DA:32,1
DA:33,1
DA:34,1
DA:35,1
DA:37,1
DA:39,1
DA:60,1
DA:61,1
LF:16
LH:15
BRF:0
BRH:0
end_of_record
